This is pdfTeX, Version 3.14159265-2.6-1.40.21 (MiKTeX 2.9.7380 64-bit) (preloaded format=latex 2020.3.29)  8 MAR 2021 17:52
entering extended mode
**./thesis.tex
(thesis.tex
LaTeX2e <2020-02-02> patch level 5
L3 programming layer <2020-03-06>
("C:\Users\jkonrad\AppData\Local\Programs\MiKTeX 2.9\tex/latex/base\report.cls"
Document Class: report 2019/12/20 v1.4l Standard LaTeX document class
("C:\Users\jkonrad\AppData\Local\Programs\MiKTeX 2.9\tex/latex/base\size12.clo"
File: size12.clo 2019/12/20 v1.4l Standard LaTeX file (size option)
)
\c@part=\count167
\c@chapter=\count168
\c@section=\count169
\c@subsection=\count170
\c@subsubsection=\count171
\c@paragraph=\count172
\c@subparagraph=\count173
\c@figure=\count174
\c@table=\count175
\abovecaptionskip=\skip47
\belowcaptionskip=\skip48
\bibindent=\dimen134
)
("C:\Users\jkonrad\AppData\Local\Programs\MiKTeX 2.9\tex/latex/amsmath\amsmath.
sty"
Package: amsmath 2020/01/20 v2.17e AMS math features
\@mathmargin=\skip49

For additional information on amsmath, use the `?' option.

("C:\Users\jkonrad\AppData\Local\Programs\MiKTeX 2.9\tex/latex/amsmath\amstext.
sty"
Package: amstext 2000/06/29 v2.01 AMS text

("C:\Users\jkonrad\AppData\Local\Programs\MiKTeX 2.9\tex/latex/amsmath\amsgen.s
ty"
File: amsgen.sty 1999/11/30 v2.0 generic functions
\@emptytoks=\toks15
\ex@=\dimen135
))
("C:\Users\jkonrad\AppData\Local\Programs\MiKTeX 2.9\tex/latex/amsmath\amsbsy.s
ty"
Package: amsbsy 1999/11/29 v1.2d Bold Symbols
\pmbraise@=\dimen136
)
("C:\Users\jkonrad\AppData\Local\Programs\MiKTeX 2.9\tex/latex/amsmath\amsopn.s
ty"
Package: amsopn 2016/03/08 v2.02 operator names
)
\inf@bad=\count176
LaTeX Info: Redefining \frac on input line 227.
\uproot@=\count177
\leftroot@=\count178
LaTeX Info: Redefining \overline on input line 389.
\classnum@=\count179
\DOTSCASE@=\count180
LaTeX Info: Redefining \ldots on input line 486.
LaTeX Info: Redefining \dots on input line 489.
LaTeX Info: Redefining \cdots on input line 610.
\Mathstrutbox@=\box45
\strutbox@=\box46
\big@size=\dimen137
LaTeX Font Info:    Redeclaring font encoding OML on input line 733.
LaTeX Font Info:    Redeclaring font encoding OMS on input line 734.
\macc@depth=\count181
\c@MaxMatrixCols=\count182
\dotsspace@=\muskip16
\c@parentequation=\count183
\dspbrk@lvl=\count184
\tag@help=\toks16
\row@=\count185
\column@=\count186
\maxfields@=\count187
\andhelp@=\toks17
\eqnshift@=\dimen138
\alignsep@=\dimen139
\tagshift@=\dimen140
\tagwidth@=\dimen141
\totwidth@=\dimen142
\lineht@=\dimen143
\@envbody=\toks18
\multlinegap=\skip50
\multlinetaggap=\skip51
\mathdisplay@stack=\toks19
LaTeX Info: Redefining \[ on input line 2859.
LaTeX Info: Redefining \] on input line 2860.
)
("C:\Users\jkonrad\AppData\Local\Programs\MiKTeX 2.9\tex/latex/amsfonts\amsfont
s.sty"
Package: amsfonts 2013/01/14 v3.01 Basic AMSFonts support
\symAMSa=\mathgroup4
\symAMSb=\mathgroup5
LaTeX Font Info:    Redeclaring math symbol \hbar on input line 98.
LaTeX Font Info:    Overwriting math alphabet `\mathfrak' in version `bold'
(Font)                  U/euf/m/n --> U/euf/b/n on input line 106.
)
("C:\Users\jkonrad\AppData\Local\Programs\MiKTeX 2.9\tex/latex/amsfonts\amssymb
.sty"
Package: amssymb 2013/01/14 v3.01 AMS font symbols
)
("C:\Users\jkonrad\AppData\Local\Programs\MiKTeX 2.9\tex/generic/bibtex\apalike
.sty"
\bibhang=\skip52
)
("C:\Users\jkonrad\AppData\Local\Programs\MiKTeX 2.9\tex/latex/float\float.sty"
Package: float 2001/11/08 v1.3d Float enhancements (AL)
\c@float@type=\count188
\float@exts=\toks20
\float@box=\box47
\@float@everytoks=\toks21
\@floatcapt=\box48
)
("C:\Users\jkonrad\AppData\Local\Programs\MiKTeX 2.9\tex/latex/caption\caption.
sty"
Package: caption 2020/01/03 v3.4h Customizing captions (AR)

("C:\Users\jkonrad\AppData\Local\Programs\MiKTeX 2.9\tex/latex/caption\caption3
.sty"
Package: caption3 2020/01/03 v1.8h caption3 kernel (AR)
Package caption3 Info: TeX engine: e-TeX on input line 61.

("C:\Users\jkonrad\AppData\Local\Programs\MiKTeX 2.9\tex/latex/graphics\keyval.
sty"
Package: keyval 2014/10/28 v1.15 key=value parser (DPC)
\KV@toks@=\toks22
)
\captionmargin=\dimen144
\captionmargin@=\dimen145
\captionwidth=\dimen146
\caption@tempdima=\dimen147
\caption@indent=\dimen148
\caption@parindent=\dimen149
\caption@hangindent=\dimen150
Package caption Info: Standard document class detected.
)
\c@caption@flags=\count189
\c@continuedfloat=\count190
Package caption Info: float package is loaded.
)
("C:\Users\jkonrad\AppData\Local\Programs\MiKTeX 2.9\tex/latex/fancyhdr\fancyhd
r.sty"
Package: fancyhdr 2019/01/31 v3.10 Extensive control of page headers and footer
s
\f@nch@headwidth=\skip53
\f@nch@O@elh=\skip54
\f@nch@O@erh=\skip55
\f@nch@O@olh=\skip56
\f@nch@O@orh=\skip57
\f@nch@O@elf=\skip58
\f@nch@O@erf=\skip59
\f@nch@O@olf=\skip60
\f@nch@O@orf=\skip61
)
("C:\Users\jkonrad\AppData\Local\Programs\MiKTeX 2.9\tex/latex/fancybox\fancybo
x.sty"
Package: fancybox 2010/05/15 1.4

Style option: `fancybox' v1.4 <2010/05/15> (tvz)
\@fancybox=\box49
\shadowsize=\dimen151
\@Sbox=\box50
\do@VerbBox=\toks23
\the@fancyput=\toks24
\this@fancyput=\toks25
\EndVerbatimTokens=\toks26
\Verbatim@Outfile=\write3
\Verbatim@Infile=\read2
) ("C:\Users\jkonrad\AppData\Local\Programs\MiKTeX 2.9\tex/latex/base\ifthen.st
y"
Package: ifthen 2014/09/29 v1.1c Standard LaTeX ifthen package (DPC)
) (bu_ece_thesis.sty
("C:\Users\jkonrad\AppData\Local\Programs\MiKTeX 2.9\tex/latex/setspace\setspac
e.sty"
Package: setspace 2011/12/19 v6.7a set line spacing
)
\degree=\count191
\numadvisors=\count192
\@approvalreader=\box51
)
("C:\Users\jkonrad\AppData\Local\Programs\MiKTeX 2.9\tex/latex/url\url.sty"
\Urlmuskip=\muskip17
Package: url 2013/09/16  ver 3.4  Verb mode for urls, etc.
)
("C:\Users\jkonrad\AppData\Local\Programs\MiKTeX 2.9\tex/latex/graphics\lscape.
sty"
Package: lscape 2000/10/22 v3.01 Landscape Pages (DPC)

("C:\Users\jkonrad\AppData\Local\Programs\MiKTeX 2.9\tex/latex/graphics\graphic
s.sty"
Package: graphics 2019/11/30 v1.4a Standard LaTeX Graphics (DPC,SPQR)

("C:\Users\jkonrad\AppData\Local\Programs\MiKTeX 2.9\tex/latex/graphics\trig.st
y"
Package: trig 2016/01/03 v1.10 sin cos tan (DPC)
)
("C:\Users\jkonrad\AppData\Local\Programs\MiKTeX 2.9\tex/latex/graphics-cfg\gra
phics.cfg"
File: graphics.cfg 2016/06/04 v1.11 sample graphics configuration
)
Package graphics Info: Driver file: dvips.def on input line 105.

("C:\Users\jkonrad\AppData\Local\Programs\MiKTeX 2.9\tex/latex/graphics-def\dvi
ps.def"
File: dvips.def 2017/06/20 v3.1d Graphics/color driver for dvips
)))
("C:\Users\jkonrad\AppData\Local\Programs\MiKTeX 2.9\tex/latex/tools\afterpage.
sty"
Package: afterpage 2014/10/28 v1.08 After-Page Package (DPC)
\AP@output=\toks27
\AP@partial=\box52
\AP@footins=\box53
)
("C:\Users\jkonrad\AppData\Local\Programs\MiKTeX 2.9\tex/latex/tools\xspace.sty
"
Package: xspace 2014/10/28 v1.13 Space after command names (DPC,MH)
)
("C:\Users\jkonrad\AppData\Local\Programs\MiKTeX 2.9\tex/latex/epstopdf-pkg\eps
topdf.sty"
Package: epstopdf 2020-01-24 v2.11 Conversion with epstopdf on the fly (HO)

("C:\Users\jkonrad\AppData\Local\Programs\MiKTeX 2.9\tex/generic/infwarerr\infw
arerr.sty"
Package: infwarerr 2019/12/03 v1.5 Providing info/warning/error messages (HO)
)
("C:\Users\jkonrad\AppData\Local\Programs\MiKTeX 2.9\tex/latex/grfext\grfext.st
y"
Package: grfext 2019/12/03 v1.3 Manage graphics extensions (HO)

("C:\Users\jkonrad\AppData\Local\Programs\MiKTeX 2.9\tex/generic/kvdefinekeys\k
vdefinekeys.sty"
Package: kvdefinekeys 2019-12-19 v1.6 Define keys (HO)
))
("C:\Users\jkonrad\AppData\Local\Programs\MiKTeX 2.9\tex/latex/kvoptions\kvopti
ons.sty"
Package: kvoptions 2019/11/29 v3.13 Key value format for package options (HO)

("C:\Users\jkonrad\AppData\Local\Programs\MiKTeX 2.9\tex/generic/ltxcmds\ltxcmd
s.sty"
Package: ltxcmds 2019/12/15 v1.24 LaTeX kernel commands for general use (HO)
)
("C:\Users\jkonrad\AppData\Local\Programs\MiKTeX 2.9\tex/generic/kvsetkeys\kvse
tkeys.sty"
Package: kvsetkeys 2019/12/15 v1.18 Key value parser (HO)
))
("C:\Users\jkonrad\AppData\Local\Programs\MiKTeX 2.9\tex/latex/pdftexcmds\pdfte
xcmds.sty"
Package: pdftexcmds 2019/11/24 v0.31 Utility functions of pdfTeX for LuaTeX (HO
)

("C:\Users\jkonrad\AppData\Local\Programs\MiKTeX 2.9\tex/generic/iftex\iftex.st
y"
Package: iftex 2020/03/06 v1.0d TeX engine tests
)
Package pdftexcmds Info: \pdf@primitive is available.
Package pdftexcmds Info: \pdf@ifprimitive is available.
Package pdftexcmds Info: \pdfdraftmode is ignored in DVI mode.
)
("C:\Users\jkonrad\AppData\Local\Programs\MiKTeX 2.9\tex/latex/epstopdf-pkg\eps
topdf-base.sty"
Package: epstopdf-base 2020-01-24 v2.11 Base part for package epstopdf


Package epstopdf Warning: Drivers other than `pdftex' and `luatex' are not supp
orted.

))
("C:\Users\jkonrad\AppData\Local\Programs\MiKTeX 2.9\tex/latex/subfig\subfig.st
y"
Package: subfig 2005/06/28 ver: 1.3 subfig package
\c@KVtest=\count193
\sf@farskip=\skip62
\sf@captopadj=\dimen152
\sf@capskip=\skip63
\sf@nearskip=\skip64
\c@subfigure=\count194
\c@subfigure@save=\count195
\c@lofdepth=\count196
\c@subtable=\count197
\c@subtable@save=\count198
\c@lotdepth=\count199
\sf@top=\skip65
\sf@bottom=\skip66
)
("C:\Users\jkonrad\AppData\Local\Programs\MiKTeX 2.9\tex/latex/graphics\graphic
x.sty"
Package: graphicx 2019/11/30 v1.2a Enhanced LaTeX Graphics (DPC,SPQR)
\Gin@req@height=\dimen153
\Gin@req@width=\dimen154
)
("C:\Users\jkonrad\AppData\Local\Programs\MiKTeX 2.9\tex/latex/appendix\appendi
x.sty"
Package: appendix 2020/02/08 v1.2c extra appendix facilities
\c@@pps=\count266
\c@@ppsavesec=\count267
\c@@ppsaveapp=\count268
)
("C:\Users\jkonrad\AppData\Local\Programs\MiKTeX 2.9\tex/latex/l3backend\l3back
end-dvips.def"
File: l3backend-dvips.def 2020-03-12 L3 backend support: dvips
\l__pdf_internal_box=\box54
\g__pdf_backend_object_int=\count269
\l__pdf_backend_content_box=\box55
\l__pdf_backend_model_box=\box56
\g__pdf_backend_annotation_int=\count270
\g__pdf_backend_link_int=\count271
\g__pdf_backend_link_sf_int=\count272
) (thesis.aux (0_Prelim/prelim.aux) (1_Intro/intro.aux)
(2_Body/body.aux) (3_Details/details.aux) (4_Conclusions/conclusions.aux)
(Appendix/Appendix.aux) (0_Prelim/cv.aux))
\openout1 = `thesis.aux'.

LaTeX Font Info:    Checking defaults for OML/cmm/m/it on input line 59.
LaTeX Font Info:    ... okay on input line 59.
LaTeX Font Info:    Checking defaults for OMS/cmsy/m/n on input line 59.
LaTeX Font Info:    ... okay on input line 59.
LaTeX Font Info:    Checking defaults for OT1/cmr/m/n on input line 59.
LaTeX Font Info:    ... okay on input line 59.
LaTeX Font Info:    Checking defaults for T1/cmr/m/n on input line 59.
LaTeX Font Info:    ... okay on input line 59.
LaTeX Font Info:    Checking defaults for TS1/cmr/m/n on input line 59.
LaTeX Font Info:    ... okay on input line 59.
LaTeX Font Info:    Checking defaults for OMX/cmex/m/n on input line 59.
LaTeX Font Info:    ... okay on input line 59.
LaTeX Font Info:    Checking defaults for U/cmr/m/n on input line 59.
LaTeX Font Info:    ... okay on input line 59.
Package caption Info: Begin \AtBeginDocument code.
Package caption Info: subfig package v1.3 is loaded.
Package caption Info: End \AtBeginDocument code.
\openout2 = `0_Prelim/prelim.aux'.

 (0_Prelim/prelim.tex [1


] [2

]
[3

] (0_Prelim/quote.tex) [4

] (0_Prelim/ack.tex
Overfull \hbox (13.9449pt too wide) in paragraph at lines 13--16
[][]\OT1/cmr/m/n/12 The stylis-tic and aes-thetic con-ven-tions im-ple-mented i
n this La-TeX the-sis/dissertation
 []

) [5

]
Overfull \hbox (5.99188pt too wide) in paragraph at lines 108--108
 [][] 
 []

(0_Prelim/abs.tex) [6

] (thesis.toc
LaTeX Font Info:    Trying to load font information for U+msa on input line 2.

("C:\Users\jkonrad\AppData\Local\Programs\MiKTeX 2.9\tex/latex/amsfonts\umsa.fd
"
File: umsa.fd 2013/01/14 v3.01 AMS symbols A
)
LaTeX Font Info:    Trying to load font information for U+msb on input line 2.

("C:\Users\jkonrad\AppData\Local\Programs\MiKTeX 2.9\tex/latex/amsfonts\umsb.fd
"
File: umsb.fd 2013/01/14 v3.01 AMS symbols B
))
\tf@toc=\write4
\openout4 = `thesis.toc'.

 [7


] (thesis.lot

LaTeX Warning: Reference `fig:Sampling' on page 4 undefined on input line 3.

)
\tf@lot=\write5
\openout5 = `thesis.lot'.

 [8


] (thesis.lof)
\tf@lof=\write6
\openout6 = `thesis.lof'.

 [9


]
Overfull \hbox (39.17992pt too wide) in paragraph at lines 136--147
 [][] 
 []

[10


])
\openout2 = `1_Intro/intro.aux'.

 (1_Intro/intro.tex
Chapter 1.
[1





]
Overfull \hbox (58.59422pt too wide) in paragraph at lines 42--43
[][]\OT1/cmr/m/it/12 Consider the fol-low-ing Java-JDT plu-gin name in Ger-man:
 "`Plugin-Entwicklungsumgebung"'. 
 []

LaTeX Font Info:    Trying to load font information for OMS+cmtt on input line 
48.
LaTeX Font Info:    No file OMScmtt.fd. on input line 48.

LaTeX Font Warning: Font shape `OMS/cmtt/m/n' undefined
(Font)              using `OMS/cmsy/m/n' instead
(Font)              for symbol `textbraceleft' on input line 48.


Overfull \hbox (14.8345pt too wide) in paragraph at lines 46--50
\OT1/cmr/m/n/12 is-sue is to en-close the of-fend-ing para-graph in $\OMS/cmtt/
m/n/12 n$\OT1/cmtt/m/n/12 begin\OMS/cmtt/m/n/12 f\OT1/cmtt/m/n/12 sloppypar\OMS
/cmtt/m/n/12 g \OT1/cmr/m/n/12 and $\OMS/cmtt/m/n/12 n$\OT1/cmtt/m/n/12 end\OMS
/cmtt/m/n/12 f\OT1/cmtt/m/n/12 sloppypar\OMS/cmtt/m/n/12 g\OT1/cmr/m/n/12 ,
 []


Underfull \hbox (badness 5802) in paragraph at lines 54--56
[][]\OT1/cmr/m/it/12 Consider the fol-low-ing Java-JDT plu-gin name in Ger-man:
 "`Plugin-
 []

) [2]
\openout2 = `2_Body/body.aux'.

 (2_Body/body.tex
Chapter 2.
File: 2_Body/Figures/figure_sampling_view1.eps Graphic file (type eps)
<2_Body/Figures/figure_sampling_view1.eps>
File: 2_Body/Figures/figure_sampling_view2.eps Graphic file (type eps)

<2_Body/Figures/figure_sampling_view2.eps> [3




]
LaTeX Font Info:    Trying to load font information for OMS+cmr on input line 9
7.

("C:\Users\jkonrad\AppData\Local\Programs\MiKTeX 2.9\tex/latex/base\omscmr.fd"
File: omscmr.fd 2019/12/16 v2.5j Standard LaTeX font definitions
)
LaTeX Font Info:    Font shape `OMS/cmr/m/n' in size <12> not available
(Font)              Font shape `OMS/cmsy/m/n' tried instead on input line 97.

Overfull \hbox (1.09258pt too wide) in paragraph at lines 98--99
[][]\OT1/cmr/m/n/12 replace ``$\OMS/cmsy/m/n/12 n$\OT1/cmr/m/n/12 bibliographys
tyle\OMS/cmsy/m/n/12 f\OT1/cmr/m/n/12 apalike\OMS/cmsy/m/n/12 g\OT1/cmr/m/n/12 
'' with ``$\OMS/cmsy/m/n/12 n$\OT1/cmr/m/n/12 bibliographystyle\OMS/cmsy/m/n/12
 f\OT1/cmr/m/n/12 plain\OMS/cmsy/m/n/12 g\OT1/cmr/m/n/12 '' to-
 []

) [4

]
\openout2 = `3_Details/details.aux'.

 (3_Details/details.tex
Chapter 3.

Overfull \hbox (4.13022pt too wide) in paragraph at lines 24--25
\OT1/cmtt/m/n/12 figure-[]out-[]where-[]a-[]specific-[]font-[]is-[]used-[]in-[]
a-[]pdf / m-[]p / 10880057 ? page = 1 #
 []

[5




]
Overfull \hbox (7.80522pt too wide) in paragraph at lines 40--43
\OT1/cmtt/m/n/12 https : / / www . karlrupp . net / 2016 / 01 / embed-[]all-[]f
onts-[]in-[]pdfs-[]latex-[]pdflatex$ 
 []

)
Overfull \hbox (10.98022pt too wide) in paragraph at lines 44--80
\OT1/cmtt/m/n/12 learn / latex / Questions / My _ submission _ was _ rejected _
 by _ the _ journal _ because _
 []

[6]
\openout2 = `4_Conclusions/conclusions.aux'.

 (4_Conclusions/conclusions.tex
Chapter 4.
) [7




]
\openout2 = `Appendix/Appendix.aux'.

 (Appendix/Appendix.tex
Appendix A.
) [8




] (thesis.bbl) [9


]
\openout2 = `0_Prelim/cv.aux'.

 (0_Prelim/cv.tex) [10


] (thesis.aux (0_Prelim/prelim.aux) (1_Intro/intro.aux) (2_Body/body.aux) (3_De
tails/details.aux)
(4_Conclusions/conclusions.aux) (Appendix/Appendix.aux) (0_Prelim/cv.aux))

LaTeX Font Warning: Some font shapes were not available, defaults substituted.


LaTeX Warning: There were undefined references.

 ) 
Here is how much of TeX's memory you used:
 4519 strings out of 480933
 70744 string characters out of 2898995
 311683 words of memory out of 3000000
 20220 multiletter control sequences out of 15000+200000
 540653 words of font info for 54 fonts, out of 3000000 for 9000
 1141 hyphenation exceptions out of 8191
 41i,10n,45p,602b,339s stack positions out of 5000i,500n,10000p,200000b,50000s

Output written on thesis.dvi (20 pages, 28008 bytes).
